<?xml version="1.0" encoding="UTF-8"?>
<!-- Generated by org.testng.reporters.JUnitReportReporter -->
<testsuite hostname="DESKTOP-UDOPNBS" failures="0" tests="1" name="flipkart.maven.verifyusercanlogin" time="48.388" errors="0" timestamp="2022-07-28T06:13:01 PDT" skipped="0">
  <testcase classname="flipkart.maven.verifyusercanlogin" name="verifylogin" time="48.388"/>
  <system-out/>
</testsuite> <!-- flipkart.maven.verifyusercanlogin -->
